<?xml version="1.0" encoding="UTF-8" ?>
<testsuite tests="30" failures="0" name="com.screwfix.MainPageTest" time="0.844" errors="20" skipped="10">
  <properties>
    <property name="idea.version" value="15.0.4"/>
    <property name="java.runtime.name" value="Java(TM) SE Runtime Environment"/>
    <property name="sun.boot.library.path" value="C:\Program Files\Java\jdk1.8.0_65\jre\bin"/>
    <property name="java.vm.version" value="25.65-b01"/>
    <property name="java.vm.vendor" value="Oracle Corporation"/>
    <property name="java.vendor.url" value="http://java.oracle.com/"/>
    <property name="path.separator" value=";"/>
    <property name="guice.disable.misplaced.annotation.check" value="true"/>
    <property name="java.vm.name" value="Java HotSpot(TM) 64-Bit Server VM"/>
    <property name="file.encoding.pkg" value="sun.io"/>
    <property name="idea.launcher.port" value="7533"/>
    <property name="user.script" value=""/>
    <property name="user.country" value="US"/>
    <property name="sun.java.launcher" value="SUN_STANDARD"/>
    <property name="sun.os.patch.level" value="Service Pack 1"/>
    <property name="java.vm.specification.name" value="Java Virtual Machine Specification"/>
    <property name="user.dir" value="D:\develop\screwfix"/>
    <property name="java.runtime.version" value="1.8.0_65-b17"/>
    <property name="java.awt.graphicsenv" value="sun.awt.Win32GraphicsEnvironment"/>
    <property name="java.endorsed.dirs" value="C:\Program Files\Java\jdk1.8.0_65\jre\lib\endorsed"/>
    <property name="os.arch" value="amd64"/>
    <property name="java.io.tmpdir" value="C:\Users\ivan_bazhai\AppData\Local\Temp\"/>
    <property name="line.separator" value="
"/>
    <property name="java.vm.specification.vendor" value="Oracle Corporation"/>
    <property name="user.variant" value=""/>
    <property name="os.name" value="Windows 7"/>
    <property name="classworlds.conf" value="C:\Program Files (x86)\JetBrains\IntelliJ IDEA Community Edition 15.0.2\plugins\maven\lib\maven3\bin\m2.conf"/>
    <property name="sun.jnu.encoding" value="Cp1251"/>
    <property name="java.library.path" value="C:\Program Files\Java\jdk1.8.0_65\bin;C:\WINDOWS\Sun\Java\bin;C:\WINDOWS\system32;C:\WINDOWS;D:\app\client\ivan_bazhai\product\12.1.0\client_1\bin;C:\Program Files (x86)\IBM\WebSphere MQ\java\lib;C:\Program Files (x86)\IBM\WebSphere MQ\java\lib64;C:\Program Files\Java\jdk1.8.0_65\bin;C:\Software\apache-maven-3.3.9\bin;C:\WINDOWS\system32;C:\WINDOWS;C:\WINDOWS\System32\Wbem;C:\WINDOWS\System32\WindowsPowerShell\v1.0\;C:\Program Files\TortoiseSVN\bin;C:\Program Files (x86)\Skype\Phone\;C:\Program Files (x86)\IBM\WebSphere MQ\bin64;C:\Program Files (x86)\IBM\WebSphere MQ\bin;C:\Program Files (x86)\IBM\WebSphere MQ\tools\c\samples\bin; C:\Program Files\PLSQL Developer\plsqldev.exe;C:\Program Files\Git\cmd;C:\Program Files\nodejs\;C:\Program Files (x86)\GitExtensions\;C:\Users\ivan_bazhai\AppData\Roaming\npm;."/>
    <property name="java.specification.name" value="Java Platform API Specification"/>
    <property name="java.class.version" value="52.0"/>
    <property name="sun.management.compiler" value="HotSpot 64-Bit Tiered Compilers"/>
    <property name="os.version" value="6.1"/>
    <property name="user.home" value="C:\Users\ivan_bazhai"/>
    <property name="user.timezone" value="Europe/Helsinki"/>
    <property name="java.awt.printerjob" value="sun.awt.windows.WPrinterJob"/>
    <property name="java.specification.version" value="1.8"/>
    <property name="idea.launcher.bin.path" value="C:\Program Files (x86)\JetBrains\IntelliJ IDEA Community Edition 15.0.2\bin"/>
    <property name="file.encoding" value="UTF-8"/>
    <property name="user.name" value="Ivan_Bazhai"/>
    <property name="java.class.path" value="C:\Program Files (x86)\JetBrains\IntelliJ IDEA Community Edition 15.0.2\plugins\maven\lib\maven3\boot\plexus-classworlds-2.4.jar;C:\Program Files (x86)\JetBrains\IntelliJ IDEA Community Edition 15.0.2\lib\idea_rt.jar"/>
    <property name="java.vm.specification.version" value="1.8"/>
    <property name="sun.arch.data.model" value="64"/>
    <property name="java.home" value="C:\Program Files\Java\jdk1.8.0_65\jre"/>
    <property name="sun.java.command" value="com.intellij.rt.execution.application.AppMain org.codehaus.classworlds.Launcher -Didea.version=15.0.4 clean compile test -e"/>
    <property name="java.specification.vendor" value="Oracle Corporation"/>
    <property name="user.language" value="en"/>
    <property name="awt.toolkit" value="sun.awt.windows.WToolkit"/>
    <property name="java.vm.info" value="mixed mode"/>
    <property name="java.version" value="1.8.0_65"/>
    <property name="java.ext.dirs" value="C:\Program Files\Java\jdk1.8.0_65\jre\lib\ext;C:\WINDOWS\Sun\Java\lib\ext"/>
    <property name="sun.boot.class.path" value="C:\Program Files\Java\jdk1.8.0_65\jre\lib\resources.jar;C:\Program Files\Java\jdk1.8.0_65\jre\lib\rt.jar;C:\Program Files\Java\jdk1.8.0_65\jre\lib\sunrsasign.jar;C:\Program Files\Java\jdk1.8.0_65\jre\lib\jsse.jar;C:\Program Files\Java\jdk1.8.0_65\jre\lib\jce.jar;C:\Program Files\Java\jdk1.8.0_65\jre\lib\charsets.jar;C:\Program Files\Java\jdk1.8.0_65\jre\lib\jfr.jar;C:\Program Files\Java\jdk1.8.0_65\jre\classes"/>
    <property name="java.vendor" value="Oracle Corporation"/>
    <property name="maven.home" value="C:\Program Files (x86)\JetBrains\IntelliJ IDEA Community Edition 15.0.2\plugins\maven\lib\maven3"/>
    <property name="file.separator" value="\"/>
    <property name="java.vendor.url.bug" value="http://bugreport.sun.com/bugreport/"/>
    <property name="sun.cpu.endian" value="little"/>
    <property name="sun.io.unicode.encoding" value="UnicodeLittle"/>
    <property name="sun.desktop" value="windows"/>
    <property name="sun.cpu.isalist" value="amd64"/>
  </properties>
  <testcase classname="| Your account link | #header_link_sign_in\&quot; |" name="Given User on Screwfix main page" time="0.007">
    <error type="java.lang.NullPointerException">java.lang.NullPointerException
	at com.screwfix.MainPageSteps.openScrewfixPage(MainPageSteps.java:46)
	at ✽.Given User on Screwfix main page(src/test/resources/cucumber/feature/MainPageFeature.feature:4)
</error>
    <system-out>Feature: MainPageTests

  Scenario Outline: Check that elements present on Screwfix Main Page &amp;#27;[90m# src/test/resources/cucumber/feature/MainPageFeature.feature:3&amp;#27;[0m
    &amp;#27;[36mGiven &amp;#27;[0m&amp;#27;[36mUser on Screwfix main page&amp;#27;[0m
    &amp;#27;[36mThen &amp;#27;[0m&amp;#27;[36mElement &lt;elementName&gt; found by css selector &lt;elementId&gt;&amp;#27;[0m

    Examples: 
</system-out>
  </testcase>
  <testcase classname="| Your account link | #header_link_sign_in\&quot; |" name="| Your account link | #header_link_sign_in\&quot; |" time="0.01">
    <error type="java.lang.NullPointerException">java.lang.NullPointerException
	at com.screwfix.MainPageSteps.openScrewfixPage(MainPageSteps.java:46)
	at ✽.Given User on Screwfix main page(src/test/resources/cucumber/feature/MainPageFeature.feature:4)
</error>
  </testcase>
  <testcase classname="| Your account link | #header_link_sign_in\&quot; |" name="Then Element Your account link found by css selector #header_link_sign_in\&quot;" time="0.01">
    <skipped/>
  </testcase>
  <testcase classname="| Search button | #search_submit_button |" name="Given User on Screwfix main page" time="0.001">
    <error type="java.lang.NullPointerException">java.lang.NullPointerException
	at com.screwfix.MainPageSteps.openScrewfixPage(MainPageSteps.java:46)
	at ✽.Given User on Screwfix main page(src/test/resources/cucumber/feature/MainPageFeature.feature:4)
</error>
    <system-out>
  Scenario Outline: Check that elements present on Screwfix Main Page          &amp;#27;[90m# src/test/resources/cucumber/feature/MainPageFeature.feature:8&amp;#27;[0m
    &amp;#27;[31mGiven &amp;#27;[0m&amp;#27;[31mUser on Screwfix main page&amp;#27;[0m                                           &amp;#27;[90m# MainPageSteps.openScrewfixPage()&amp;#27;[0m
      &amp;#27;[31mjava.lang.NullPointerException
      	at com.screwfix.MainPageSteps.openScrewfixPage(MainPageSteps.java:46)
      	at ?.Given User on Screwfix main page(src/test/resources/cucumber/feature/MainPageFeature.feature:4)
      &amp;#27;[0m
    &amp;#27;[33mThen &amp;#27;[0m&amp;#27;[33mElement Your account link found by css selector #header_link_sign_in&quot;&amp;#27;[0m
</system-out>
  </testcase>
  <testcase classname="| Search button | #search_submit_button |" name="| Search button | #search_submit_button |" time="0.001">
    <error type="java.lang.NullPointerException">java.lang.NullPointerException
	at com.screwfix.MainPageSteps.openScrewfixPage(MainPageSteps.java:46)
	at ✽.Given User on Screwfix main page(src/test/resources/cucumber/feature/MainPageFeature.feature:4)
</error>
  </testcase>
  <testcase classname="| Search button | #search_submit_button |" name="Then Element Search button found by css selector #search_submit_button" time="0.003">
    <skipped/>
  </testcase>
  <testcase classname="| Screwfix logo | #branding-logo |" name="Given User on Screwfix main page" time="0">
    <error type="java.lang.NullPointerException">java.lang.NullPointerException
	at com.screwfix.MainPageSteps.openScrewfixPage(MainPageSteps.java:46)
	at ✽.Given User on Screwfix main page(src/test/resources/cucumber/feature/MainPageFeature.feature:4)
</error>
    <system-out>
  Scenario Outline: Check that elements present on Screwfix Main Page      &amp;#27;[90m# src/test/resources/cucumber/feature/MainPageFeature.feature:9&amp;#27;[0m
    &amp;#27;[31mGiven &amp;#27;[0m&amp;#27;[31mUser on Screwfix main page&amp;#27;[0m                                       &amp;#27;[90m# MainPageSteps.openScrewfixPage()&amp;#27;[0m
      &amp;#27;[31mjava.lang.NullPointerException
      	at com.screwfix.MainPageSteps.openScrewfixPage(MainPageSteps.java:46)
      	at ?.Given User on Screwfix main page(src/test/resources/cucumber/feature/MainPageFeature.feature:4)
      &amp;#27;[0m
    &amp;#27;[36mThen &amp;#27;[0m&amp;#27;[36mElement &amp;#27;[0m&amp;#27;[36m&amp;#27;[1mSearch button&amp;#27;[0m&amp;#27;[36m found by css selector &amp;#27;[0m&amp;#27;[36m&amp;#27;[1m#search_submit_button&amp;#27;[0m &amp;#27;[90m# MainPageSteps.isElementPresent(String,String)&amp;#27;[0m
</system-out>
  </testcase>
  <testcase classname="| Screwfix logo | #branding-logo |" name="| Screwfix logo | #branding-logo |" time="0">
    <error type="java.lang.NullPointerException">java.lang.NullPointerException
	at com.screwfix.MainPageSteps.openScrewfixPage(MainPageSteps.java:46)
	at ✽.Given User on Screwfix main page(src/test/resources/cucumber/feature/MainPageFeature.feature:4)
</error>
  </testcase>
  <testcase classname="| Screwfix logo | #branding-logo |" name="Then Element Screwfix logo found by css selector #branding-logo" time="0.016">
    <skipped/>
  </testcase>
  <testcase classname="| Tools Menu | #firstLevelCat_0 |" name="Given User on Screwfix main page" time="0">
    <error type="java.lang.NullPointerException">java.lang.NullPointerException
	at com.screwfix.MainPageSteps.openScrewfixPage(MainPageSteps.java:46)
	at ✽.Given User on Screwfix main page(src/test/resources/cucumber/feature/MainPageFeature.feature:4)
</error>
    <system-out>
  Scenario Outline: Check that elements present on Screwfix Main Page &amp;#27;[90m# src/test/resources/cucumber/feature/MainPageFeature.feature:10&amp;#27;[0m
    &amp;#27;[31mGiven &amp;#27;[0m&amp;#27;[31mUser on Screwfix main page&amp;#27;[0m                                  &amp;#27;[90m# MainPageSteps.openScrewfixPage()&amp;#27;[0m
      &amp;#27;[31mjava.lang.NullPointerException
      	at com.screwfix.MainPageSteps.openScrewfixPage(MainPageSteps.java:46)
      	at ?.Given User on Screwfix main page(src/test/resources/cucumber/feature/MainPageFeature.feature:4)
      &amp;#27;[0m
    &amp;#27;[36mThen &amp;#27;[0m&amp;#27;[36mElement &amp;#27;[0m&amp;#27;[36m&amp;#27;[1mScrewfix logo&amp;#27;[0m&amp;#27;[36m found by css selector &amp;#27;[0m&amp;#27;[36m&amp;#27;[1m#branding-logo&amp;#27;[0m   &amp;#27;[90m# MainPageSteps.isElementPresent(String,String)&amp;#27;[0m
</system-out>
  </testcase>
  <testcase classname="| Tools Menu | #firstLevelCat_0 |" name="| Tools Menu | #firstLevelCat_0 |" time="0">
    <error type="java.lang.NullPointerException">java.lang.NullPointerException
	at com.screwfix.MainPageSteps.openScrewfixPage(MainPageSteps.java:46)
	at ✽.Given User on Screwfix main page(src/test/resources/cucumber/feature/MainPageFeature.feature:4)
</error>
  </testcase>
  <testcase classname="| Tools Menu | #firstLevelCat_0 |" name="Then Element Tools Menu found by css selector #firstLevelCat_0" time="0">
    <skipped/>
  </testcase>
  <testcase classname="| Heating &amp; Plumbing Menu | #firstLevelCat_1 |" name="Given User on Screwfix main page" time="0">
    <error type="java.lang.NullPointerException">java.lang.NullPointerException
	at com.screwfix.MainPageSteps.openScrewfixPage(MainPageSteps.java:46)
	at ✽.Given User on Screwfix main page(src/test/resources/cucumber/feature/MainPageFeature.feature:4)
</error>
    <system-out>
  Scenario Outline: Check that elements present on Screwfix Main Page &amp;#27;[90m# src/test/resources/cucumber/feature/MainPageFeature.feature:11&amp;#27;[0m
    &amp;#27;[31mGiven &amp;#27;[0m&amp;#27;[31mUser on Screwfix main page&amp;#27;[0m                                  &amp;#27;[90m# MainPageSteps.openScrewfixPage()&amp;#27;[0m
      &amp;#27;[31mjava.lang.NullPointerException
      	at com.screwfix.MainPageSteps.openScrewfixPage(MainPageSteps.java:46)
      	at ?.Given User on Screwfix main page(src/test/resources/cucumber/feature/MainPageFeature.feature:4)
      &amp;#27;[0m
    &amp;#27;[36mThen &amp;#27;[0m&amp;#27;[36mElement &amp;#27;[0m&amp;#27;[36m&amp;#27;[1mTools Menu&amp;#27;[0m&amp;#27;[36m found by css selector &amp;#27;[0m&amp;#27;[36m&amp;#27;[1m#firstLevelCat_0&amp;#27;[0m    &amp;#27;[90m# MainPageSteps.isElementPresent(String,String)&amp;#27;[0m
</system-out>
  </testcase>
  <testcase classname="| Heating &amp; Plumbing Menu | #firstLevelCat_1 |" name="| Heating &amp; Plumbing Menu | #firstLevelCat_1 |" time="0">
    <error type="java.lang.NullPointerException">java.lang.NullPointerException
	at com.screwfix.MainPageSteps.openScrewfixPage(MainPageSteps.java:46)
	at ✽.Given User on Screwfix main page(src/test/resources/cucumber/feature/MainPageFeature.feature:4)
</error>
  </testcase>
  <testcase classname="| Heating &amp; Plumbing Menu | #firstLevelCat_1 |" name="Then Element Heating &amp; Plumbing Menu found by css selector #firstLevelCat_1" time="0">
    <skipped/>
  </testcase>
  <testcase classname="| Checkout | .checkout |" name="Given User on Screwfix main page" time="0">
    <error type="java.lang.NullPointerException">java.lang.NullPointerException
	at com.screwfix.MainPageSteps.openScrewfixPage(MainPageSteps.java:46)
	at ✽.Given User on Screwfix main page(src/test/resources/cucumber/feature/MainPageFeature.feature:4)
</error>
    <system-out>
  Scenario Outline: Check that elements present on Screwfix Main Page           &amp;#27;[90m# src/test/resources/cucumber/feature/MainPageFeature.feature:12&amp;#27;[0m
    &amp;#27;[31mGiven &amp;#27;[0m&amp;#27;[31mUser on Screwfix main page&amp;#27;[0m                                            &amp;#27;[90m# MainPageSteps.openScrewfixPage()&amp;#27;[0m
      &amp;#27;[31mjava.lang.NullPointerException
      	at com.screwfix.MainPageSteps.openScrewfixPage(MainPageSteps.java:46)
      	at ?.Given User on Screwfix main page(src/test/resources/cucumber/feature/MainPageFeature.feature:4)
      &amp;#27;[0m
    &amp;#27;[36mThen &amp;#27;[0m&amp;#27;[36mElement &amp;#27;[0m&amp;#27;[36m&amp;#27;[1mHeating &amp; Plumbing Menu&amp;#27;[0m&amp;#27;[36m found by css selector &amp;#27;[0m&amp;#27;[36m&amp;#27;[1m#firstLevelCat_1&amp;#27;[0m &amp;#27;[90m# MainPageSteps.isElementPresent(String,String)&amp;#27;[0m
</system-out>
  </testcase>
  <testcase classname="| Checkout | .checkout |" name="| Checkout | .checkout |" time="0">
    <error type="java.lang.NullPointerException">java.lang.NullPointerException
	at com.screwfix.MainPageSteps.openScrewfixPage(MainPageSteps.java:46)
	at ✽.Given User on Screwfix main page(src/test/resources/cucumber/feature/MainPageFeature.feature:4)
</error>
  </testcase>
  <testcase classname="| Checkout | .checkout |" name="Then Element Checkout found by css selector .checkout" time="0">
    <skipped/>
  </testcase>
  <testcase classname="| View All Top Brands link | .ViewAllLink |" name="Given User on Screwfix main page" time="0">
    <error type="java.lang.NullPointerException">java.lang.NullPointerException
	at com.screwfix.MainPageSteps.openScrewfixPage(MainPageSteps.java:46)
	at ✽.Given User on Screwfix main page(src/test/resources/cucumber/feature/MainPageFeature.feature:4)
</error>
    <system-out>
  Scenario Outline: Check that elements present on Screwfix Main Page &amp;#27;[90m# src/test/resources/cucumber/feature/MainPageFeature.feature:13&amp;#27;[0m
    &amp;#27;[31mGiven &amp;#27;[0m&amp;#27;[31mUser on Screwfix main page&amp;#27;[0m                                  &amp;#27;[90m# MainPageSteps.openScrewfixPage()&amp;#27;[0m
      &amp;#27;[31mjava.lang.NullPointerException
      	at com.screwfix.MainPageSteps.openScrewfixPage(MainPageSteps.java:46)
      	at ?.Given User on Screwfix main page(src/test/resources/cucumber/feature/MainPageFeature.feature:4)
      &amp;#27;[0m
    &amp;#27;[36mThen &amp;#27;[0m&amp;#27;[36mElement &amp;#27;[0m&amp;#27;[36m&amp;#27;[1mCheckout&amp;#27;[0m&amp;#27;[36m found by css selector &amp;#27;[0m&amp;#27;[36m&amp;#27;[1m.checkout&amp;#27;[0m             &amp;#27;[90m# MainPageSteps.isElementPresent(String,String)&amp;#27;[0m
</system-out>
  </testcase>
  <testcase classname="| View All Top Brands link | .ViewAllLink |" name="| View All Top Brands link | .ViewAllLink |" time="0">
    <error type="java.lang.NullPointerException">java.lang.NullPointerException
	at com.screwfix.MainPageSteps.openScrewfixPage(MainPageSteps.java:46)
	at ✽.Given User on Screwfix main page(src/test/resources/cucumber/feature/MainPageFeature.feature:4)
</error>
  </testcase>
  <testcase classname="| View All Top Brands link | .ViewAllLink |" name="Then Element View All Top Brands link found by css selector .ViewAllLink" time="0">
    <skipped/>
  </testcase>
  <testcase classname="| Contact Us link | .icon-contact |" name="Given User on Screwfix main page" time="0">
    <error type="java.lang.NullPointerException">java.lang.NullPointerException
	at com.screwfix.MainPageSteps.openScrewfixPage(MainPageSteps.java:46)
	at ✽.Given User on Screwfix main page(src/test/resources/cucumber/feature/MainPageFeature.feature:4)
</error>
    <system-out>
  Scenario Outline: Check that elements present on Screwfix Main Page        &amp;#27;[90m# src/test/resources/cucumber/feature/MainPageFeature.feature:14&amp;#27;[0m
    &amp;#27;[31mGiven &amp;#27;[0m&amp;#27;[31mUser on Screwfix main page&amp;#27;[0m                                         &amp;#27;[90m# MainPageSteps.openScrewfixPage()&amp;#27;[0m
      &amp;#27;[31mjava.lang.NullPointerException
      	at com.screwfix.MainPageSteps.openScrewfixPage(MainPageSteps.java:46)
      	at ?.Given User on Screwfix main page(src/test/resources/cucumber/feature/MainPageFeature.feature:4)
      &amp;#27;[0m
    &amp;#27;[36mThen &amp;#27;[0m&amp;#27;[36mElement &amp;#27;[0m&amp;#27;[36m&amp;#27;[1mView All Top Brands link&amp;#27;[0m&amp;#27;[36m found by css selector &amp;#27;[0m&amp;#27;[36m&amp;#27;[1m.ViewAllLink&amp;#27;[0m &amp;#27;[90m# MainPageSteps.isElementPresent(String,String)&amp;#27;[0m
</system-out>
  </testcase>
  <testcase classname="| Contact Us link | .icon-contact |" name="| Contact Us link | .icon-contact |" time="0">
    <error type="java.lang.NullPointerException">java.lang.NullPointerException
	at com.screwfix.MainPageSteps.openScrewfixPage(MainPageSteps.java:46)
	at ✽.Given User on Screwfix main page(src/test/resources/cucumber/feature/MainPageFeature.feature:4)
</error>
  </testcase>
  <testcase classname="| Contact Us link | .icon-contact |" name="Then Element Contact Us link found by css selector .icon-contact" time="0">
    <skipped/>
  </testcase>
  <testcase classname="| Find A Store link | a[title=\&apos;Find a Store\&apos;] |" name="Given User on Screwfix main page" time="0.001">
    <error type="java.lang.NullPointerException">java.lang.NullPointerException
	at com.screwfix.MainPageSteps.openScrewfixPage(MainPageSteps.java:46)
	at ✽.Given User on Screwfix main page(src/test/resources/cucumber/feature/MainPageFeature.feature:4)
</error>
    <system-out>
  Scenario Outline: Check that elements present on Screwfix Main Page &amp;#27;[90m# src/test/resources/cucumber/feature/MainPageFeature.feature:15&amp;#27;[0m
    &amp;#27;[31mGiven &amp;#27;[0m&amp;#27;[31mUser on Screwfix main page&amp;#27;[0m                                  &amp;#27;[90m# MainPageSteps.openScrewfixPage()&amp;#27;[0m
      &amp;#27;[31mjava.lang.NullPointerException
      	at com.screwfix.MainPageSteps.openScrewfixPage(MainPageSteps.java:46)
      	at ?.Given User on Screwfix main page(src/test/resources/cucumber/feature/MainPageFeature.feature:4)
      &amp;#27;[0m
    &amp;#27;[36mThen &amp;#27;[0m&amp;#27;[36mElement &amp;#27;[0m&amp;#27;[36m&amp;#27;[1mContact Us link&amp;#27;[0m&amp;#27;[36m found by css selector &amp;#27;[0m&amp;#27;[36m&amp;#27;[1m.icon-contact&amp;#27;[0m  &amp;#27;[90m# MainPageSteps.isElementPresent(String,String)&amp;#27;[0m
</system-out>
  </testcase>
  <testcase classname="| Find A Store link | a[title=\&apos;Find a Store\&apos;] |" name="| Find A Store link | a[title=\&apos;Find a Store\&apos;] |" time="0.001">
    <error type="java.lang.NullPointerException">java.lang.NullPointerException
	at com.screwfix.MainPageSteps.openScrewfixPage(MainPageSteps.java:46)
	at ✽.Given User on Screwfix main page(src/test/resources/cucumber/feature/MainPageFeature.feature:4)
</error>
  </testcase>
  <testcase classname="| Find A Store link | a[title=\&apos;Find a Store\&apos;] |" name="Then Element Find A Store link found by css selector a[title=\&apos;Find a Store\&apos;]" time="0.003">
    <skipped/>
  </testcase>
  <testcase classname="| About Us link | a[title=\&apos;About Us\&apos;] |" name="Given User on Screwfix main page" time="0">
    <error type="java.lang.NullPointerException">java.lang.NullPointerException
	at com.screwfix.MainPageSteps.openScrewfixPage(MainPageSteps.java:46)
	at ✽.Given User on Screwfix main page(src/test/resources/cucumber/feature/MainPageFeature.feature:4)
</error>
    <system-out>
  Scenario Outline: Check that elements present on Screwfix Main Page            &amp;#27;[90m# src/test/resources/cucumber/feature/MainPageFeature.feature:16&amp;#27;[0m
    &amp;#27;[31mGiven &amp;#27;[0m&amp;#27;[31mUser on Screwfix main page&amp;#27;[0m                                             &amp;#27;[90m# MainPageSteps.openScrewfixPage()&amp;#27;[0m
      &amp;#27;[31mjava.lang.NullPointerException
      	at com.screwfix.MainPageSteps.openScrewfixPage(MainPageSteps.java:46)
      	at ?.Given User on Screwfix main page(src/test/resources/cucumber/feature/MainPageFeature.feature:4)
      &amp;#27;[0m
    &amp;#27;[36mThen &amp;#27;[0m&amp;#27;[36mElement &amp;#27;[0m&amp;#27;[36m&amp;#27;[1mFind A Store link&amp;#27;[0m&amp;#27;[36m found by css selector &amp;#27;[0m&amp;#27;[36m&amp;#27;[1ma[title=&apos;Find a Store&apos;]&amp;#27;[0m &amp;#27;[90m# MainPageSteps.isElementPresent(String,String)&amp;#27;[0m
</system-out>
  </testcase>
  <testcase classname="| About Us link | a[title=\&apos;About Us\&apos;] |" name="| About Us link | a[title=\&apos;About Us\&apos;] |" time="0">
    <error type="java.lang.NullPointerException">java.lang.NullPointerException
	at com.screwfix.MainPageSteps.openScrewfixPage(MainPageSteps.java:46)
	at ✽.Given User on Screwfix main page(src/test/resources/cucumber/feature/MainPageFeature.feature:4)
</error>
  </testcase>
  <testcase classname="| About Us link | a[title=\&apos;About Us\&apos;] |" name="Then Element About Us link found by css selector a[title=\&apos;About Us\&apos;]" time="0.007">
    <skipped/>
  </testcase>
</testsuite>